2018-11-27 13:21:14.7965 [DEBUG] Validating model...
2018-11-27 13:21:14.9944 [DEBUG] Model updated
2018-11-27 13:21:14.9954 [DEBUG] Authenticating with server...
2018-11-27 13:21:15.6122 [DEBUG] Connected to room. (85973:SceneFusion:SceneFusion)
2018-11-27 13:21:15.6152 [INFO] Connected to server.
2018-11-27 13:21:15.6152 [DEBUG] OS : Microsoft Windows NT 10.0.17134.0
2018-11-27 13:21:15.6152 [DEBUG] Unity Version : 2018.2.17f1
2018-11-27 13:21:15.6152 [DEBUG] Pro License : False
2018-11-27 13:21:15.6163 [DEBUG] Platform : WindowsEditor
2018-11-27 13:21:15.6163 [DEBUG] Build Target : StandaloneWindows64
2018-11-27 13:21:15.6163 [DEBUG] Scene Fusion version : 1.8.1
2018-11-27 13:21:15.6163 [DEBUG] Scene Fusion client build : 4
2018-11-27 13:21:15.6163 [DEBUG] User : scenefusion@henry-schober.com
2018-11-27 13:21:15.6163 [DEBUG] Waiting for server response
2018-11-27 13:21:15.6954 [DEBUG] Tier: Scene Fusion Free, Permissions: 00001400
2018-11-27 13:21:15.6954 [DEBUG] User Permissions: FFFFFFFF
2018-11-27 13:21:15.9469 [DEBUG] No stand-in for UnityEngine.ProceduralMaterial
2018-11-27 13:21:15.9469 [DEBUG] No stand-in for UnityEngine.ProceduralTexture
2018-11-27 13:21:16.2668 [DEBUG] Uploading scene 'start'
2018-11-27 13:21:16.7996 [DEBUG] Compressing scene data
2018-11-27 13:21:16.9526 [DEBUG] Spawn request. (Objects: 96)
2018-11-27 13:21:17.2671 [DEBUG] Loading complete
2018-11-27 13:22:16.5563 [DEBUG] Disconnecting temporarily to enter play mode.
2018-11-27 13:22:16.5563 [DEBUG] Disconnecting from room (85973:SceneFusion:SceneFusion)
2018-11-27 13:22:16.5673 [INFO] Disconnected from server.
2018-11-27 13:22:16.5673 [DEBUG] Disconnect. (Duration: 60)
2018-11-27 13:22:16.5853 [INFO] Static batching in play mode is not supported in a Scene Fusion session and will be temporarily disabled.
2018-11-27 13:22:26.9162 [DEBUG] Scene Fusion version 1.8.1-4
2018-11-27 13:22:27.0511 [DEBUG] Play mode: True, sync in play mode: False
2018-11-27 13:22:27.1981 [DEBUG] Connecting to room (85973:SceneFusion:SceneFusion) via TCP at roommanager-console.kinematicsoup.com:1027
2018-11-27 13:22:27.2071 [DEBUG] Host connection. (Session: 85973)
2018-11-27 13:22:27.5957 [DEBUG] Validating model...
2018-11-27 13:22:27.7932 [DEBUG] Model updated
2018-11-27 13:22:27.7942 [DEBUG] Authenticating with server...
2018-11-27 13:22:28.0259 [DEBUG] Connected to room. (85973:SceneFusion:SceneFusion)
2018-11-27 13:22:28.0379 [INFO] Connected to server.
2018-11-27 13:22:28.0379 [DEBUG] OS : Microsoft Windows NT 10.0.17134.0
2018-11-27 13:22:28.0379 [DEBUG] Unity Version : 2018.2.17f1
2018-11-27 13:22:28.0379 [DEBUG] Pro License : False
2018-11-27 13:22:28.0379 [DEBUG] Platform : WindowsEditor
2018-11-27 13:22:28.0388 [DEBUG] Build Target : StandaloneWindows64
2018-11-27 13:22:28.0388 [DEBUG] Scene Fusion version : 1.8.1
2018-11-27 13:22:28.0388 [DEBUG] Scene Fusion client build : 4
2018-11-27 13:22:28.0388 [DEBUG] User : scenefusion@henry-schober.com
2018-11-27 13:22:28.1598 [DEBUG] Tier: Scene Fusion Free, Permissions: 00001400
2018-11-27 13:22:28.1598 [DEBUG] User Permissions: FFFFFFFF
2018-11-27 13:22:28.1901 [DEBUG] No stand-in for UnityEngine.ProceduralMaterial
2018-11-27 13:22:28.1901 [DEBUG] No stand-in for UnityEngine.ProceduralTexture
2018-11-27 13:24:22.7194 [DEBUG] Play mode: False
2018-11-27 13:24:22.8727 [DEBUG] Loading complete
2018-11-27 13:25:00.5504 [DEBUG] Disconnecting from room (85973:SceneFusion:SceneFusion)
2018-11-27 13:25:00.5534 [INFO] Disconnected from server.
2018-11-27 13:25:00.5534 [DEBUG] Disconnect. (Duration: -67)
