2018-11-27 13:26:30.8722 [DEBUG] Validating model...
2018-11-27 13:26:31.0644 [DEBUG] Model updated
2018-11-27 13:26:31.0644 [DEBUG] Authenticating with server...
2018-11-27 13:26:31.6371 [DEBUG] Connected to room. (85974:SceneFusion:SceneFusion)
2018-11-27 13:26:31.6481 [INFO] Connected to server.
2018-11-27 13:26:31.6481 [DEBUG] OS : Microsoft Windows NT 10.0.17134.0
2018-11-27 13:26:31.6481 [DEBUG] Unity Version : 2018.2.17f1
2018-11-27 13:26:31.6481 [DEBUG] Pro License : False
2018-11-27 13:26:31.6491 [DEBUG] Platform : WindowsEditor
2018-11-27 13:26:31.6491 [DEBUG] Build Target : StandaloneWindows64
2018-11-27 13:26:31.6491 [DEBUG] Scene Fusion version : 1.8.1
2018-11-27 13:26:31.6491 [DEBUG] Scene Fusion client build : 4
2018-11-27 13:26:31.6491 [DEBUG] User : scenefusion@henry-schober.com
2018-11-27 13:26:31.6491 [DEBUG] Waiting for server response
2018-11-27 13:26:31.6951 [DEBUG] Tier: Scene Fusion Free, Permissions: 00001400
2018-11-27 13:26:31.6951 [DEBUG] User Permissions: FFFFFFFF
2018-11-27 13:26:31.6971 [DEBUG] No stand-in for UnityEngine.ProceduralMaterial
2018-11-27 13:26:31.6971 [DEBUG] No stand-in for UnityEngine.ProceduralTexture
2018-11-27 13:26:31.9986 [DEBUG] Uploading scene 'start'
2018-11-27 13:26:32.0616 [DEBUG] Compressing scene data
2018-11-27 13:26:32.2206 [DEBUG] Spawn request. (Objects: 96)
2018-11-27 13:26:32.5168 [DEBUG] Loading complete
2018-11-27 13:32:23.7470 [DEBUG] Disconnecting from room (85974:SceneFusion:SceneFusion)
2018-11-27 13:32:23.7480 [INFO] Disconnected from server.
2018-11-27 13:32:23.7490 [DEBUG] Disconnect. (Duration: 352)
